2017-10-15 23:54:42,185 INFO org.apache.hadoop.yarn.server.nodemanager.NodeManager: STARTUP_MSG: 
/************************************************************
STARTUP_MSG: Starting NodeManager
STARTUP_MSG:   host = ip-172-31-30-102/172.31.30.102
STARTUP_MSG:   args = []
STARTUP_MSG:   version = 2.7.4
STARTUP_MSG:   classpath = /usr/local/hadoop/etc/hadoop:/usr/local/hadoop/etc/hadoop:/usr/local/hadoop/etc/hadoop:/usr/local/hadoop/share/hadoop/common/lib/servlet-api-2.5.jar:/usr/local/hadoop/share/hadoop/common/lib/gson-2.2.4.jar:/usr/local/hadoop/share/hadoop/common/lib/stax-api-1.0-2.jar:/usr/local/hadoop/share/hadoop/common/lib/xz-1.0.jar:/usr/local/hadoop/share/hadoop/common/lib/jersey-core-1.9.jar:/usr/local/hadoop/share/hadoop/common/lib/slf4j-log4j12-1.7.10.jar:/usr/local/hadoop/share/hadoop/common/lib/hadoop-annotations-2.7.4.jar:/usr/local/hadoop/share/hadoop/common/lib/jettison-1.1.jar:/usr/local/hadoop/share/hadoop/common/lib/mockito-all-1.8.5.jar:/usr/local/hadoop/share/hadoop/common/lib/jsch-0.1.54.jar:/usr/local/hadoop/share/hadoop/common/lib/zookeeper-3.4.6.jar:/usr/local/hadoop/share/hadoop/common/lib/hamcrest-core-1.3.jar:/usr/local/hadoop/share/hadoop/common/lib/protobuf-java-2.5.0.jar:/usr/local/hadoop/share/hadoop/common/lib/commons-logging-1.1.3.jar:/usr/local/hadoop/share/hadoop/common/lib/commons-net-3.1.jar:/usr/local/hadoop/share/hadoop/common/lib/jsp-api-2.1.jar:/usr/local/hadoop/share/hadoop/common/lib/commons-collections-3.2.2.jar:/usr/local/hadoop/share/hadoop/common/lib/guava-11.0.2.jar:/usr/local/hadoop/share/hadoop/common/lib/activation-1.1.jar:/usr/local/hadoop/share/hadoop/common/lib/snappy-java-1.0.4.1.jar:/usr/local/hadoop/share/hadoop/common/lib/api-util-1.0.0-M20.jar:/usr/local/hadoop/share/hadoop/common/lib/jetty-util-6.1.26.jar:/usr/local/hadoop/share/hadoop/common/lib/netty-3.6.2.Final.jar:/usr/local/hadoop/share/hadoop/common/lib/htrace-core-3.1.0-incubating.jar:/usr/local/hadoop/share/hadoop/common/lib/commons-codec-1.4.jar:/usr/local/hadoop/share/hadoop/common/lib/commons-configuration-1.6.jar:/usr/local/hadoop/share/hadoop/common/lib/java-xmlbuilder-0.4.jar:/usr/local/hadoop/share/hadoop/common/lib/httpclient-4.2.5.jar:/usr/local/hadoop/share/hadoop/common/lib/api-asn1-api-1.0.0-M20.jar:/usr/local/hadoop/share/hadoop/common/lib/apacheds-i18n-2.0.0-M15.jar:/usr/local/hadoop/share/hadoop/common/lib/commons-httpclient-3.1.jar:/usr/local/hadoop/share/hadoop/common/lib/curator-framework-2.7.1.jar:/usr/local/hadoop/share/hadoop/common/lib/httpcore-4.2.5.jar:/usr/local/hadoop/share/hadoop/common/lib/curator-recipes-2.7.1.jar:/usr/local/hadoop/share/hadoop/common/lib/jersey-json-1.9.jar:/usr/local/hadoop/share/hadoop/common/lib/commons-compress-1.4.1.jar:/usr/local/hadoop/share/hadoop/common/lib/commons-io-2.4.jar:/usr/local/hadoop/share/hadoop/common/lib/commons-math3-3.1.1.jar:/usr/local/hadoop/share/hadoop/common/lib/commons-lang-2.6.jar:/usr/local/hadoop/share/hadoop/common/lib/jackson-xc-1.9.13.jar:/usr/local/hadoop/share/hadoop/common/lib/jetty-sslengine-6.1.26.jar:/usr/local/hadoop/share/hadoop/common/lib/jaxb-api-2.2.2.jar:/usr/local/hadoop/share/hadoop/common/lib/commons-digester-1.8.jar:/usr/local/hadoop/share/hadoop/common/lib/log4j-1.2.17.jar:/usr/local/hadoop/share/hadoop/common/lib/jackson-jaxrs-1.9.13.jar:/usr/local/hadoop/share/hadoop/common/lib/jsr305-3.0.0.jar:/usr/local/hadoop/share/hadoop/common/lib/jaxb-impl-2.2.3-1.jar:/usr/local/hadoop/share/hadoop/common/lib/jets3t-0.9.0.jar:/usr/local/hadoop/share/hadoop/common/lib/avro-1.7.4.jar:/usr/local/hadoop/share/hadoop/common/lib/commons-beanutils-1.7.0.jar:/usr/local/hadoop/share/hadoop/common/lib/jetty-6.1.26.jar:/usr/local/hadoop/share/hadoop/common/lib/commons-beanutils-core-1.8.0.jar:/usr/local/hadoop/share/hadoop/common/lib/slf4j-api-1.7.10.jar:/usr/local/hadoop/share/hadoop/common/lib/xmlenc-0.52.jar:/usr/local/hadoop/share/hadoop/common/lib/jackson-core-asl-1.9.13.jar:/usr/local/hadoop/share/hadoop/common/lib/commons-cli-1.2.jar:/usr/local/hadoop/share/hadoop/common/lib/jackson-mapper-asl-1.9.13.jar:/usr/local/hadoop/share/hadoop/common/lib/curator-client-2.7.1.jar:/usr/local/hadoop/share/hadoop/common/lib/jersey-server-1.9.jar:/usr/local/hadoop/share/hadoop/common/lib/paranamer-2.3.jar:/usr/local/hadoop/share/hadoop/common/lib/apacheds-kerberos-codec-2.0.0-M15.jar:/usr/local/hadoop/share/hadoop/common/lib/hadoop-auth-2.7.4.jar:/usr/local/hadoop/share/hadoop/common/lib/asm-3.2.jar:/usr/local/hadoop/share/hadoop/common/lib/junit-4.11.jar:/usr/local/hadoop/share/hadoop/common/hadoop-common-2.7.4.jar:/usr/local/hadoop/share/hadoop/common/hadoop-common-2.7.4-tests.jar:/usr/local/hadoop/share/hadoop/common/hadoop-nfs-2.7.4.jar:/usr/local/hadoop/share/hadoop/hdfs:/usr/local/hadoop/share/hadoop/hdfs/lib/servlet-api-2.5.jar:/usr/local/hadoop/share/hadoop/hdfs/lib/jersey-core-1.9.jar:/usr/local/hadoop/share/hadoop/hdfs/lib/protobuf-java-2.5.0.jar:/usr/local/hadoop/share/hadoop/hdfs/lib/commons-logging-1.1.3.jar:/usr/local/hadoop/share/hadoop/hdfs/lib/guava-11.0.2.jar:/usr/local/hadoop/share/hadoop/hdfs/lib/commons-daemon-1.0.13.jar:/usr/local/hadoop/share/hadoop/hdfs/lib/leveldbjni-all-1.8.jar:/usr/local/hadoop/share/hadoop/hdfs/lib/jetty-util-6.1.26.jar:/usr/local/hadoop/share/hadoop/hdfs/lib/netty-3.6.2.Final.jar:/usr/local/hadoop/share/hadoop/hdfs/lib/htrace-core-3.1.0-incubating.jar:/usr/local/hadoop/share/hadoop/hdfs/lib/commons-codec-1.4.jar:/usr/local/hadoop/share/hadoop/hdfs/lib/netty-all-4.0.23.Final.jar:/usr/local/hadoop/share/hadoop/hdfs/lib/commons-io-2.4.jar:/usr/local/hadoop/share/hadoop/hdfs/lib/commons-lang-2.6.jar:/usr/local/hadoop/share/hadoop/hdfs/lib/log4j-1.2.17.jar:/usr/local/hadoop/share/hadoop/hdfs/lib/jsr305-3.0.0.jar:/usr/local/hadoop/share/hadoop/hdfs/lib/xercesImpl-2.9.1.jar:/usr/local/hadoop/share/hadoop/hdfs/lib/xml-apis-1.3.04.jar:/usr/local/hadoop/share/hadoop/hdfs/lib/jetty-6.1.26.jar:/usr/local/hadoop/share/hadoop/hdfs/lib/xmlenc-0.52.jar:/usr/local/hadoop/share/hadoop/hdfs/lib/jackson-core-asl-1.9.13.jar:/usr/local/hadoop/share/hadoop/hdfs/lib/commons-cli-1.2.jar:/usr/local/hadoop/share/hadoop/hdfs/lib/jackson-mapper-asl-1.9.13.jar:/usr/local/hadoop/share/hadoop/hdfs/lib/jersey-server-1.9.jar:/usr/local/hadoop/share/hadoop/hdfs/lib/asm-3.2.jar:/usr/local/hadoop/share/hadoop/hdfs/hadoop-hdfs-2.7.4.jar:/usr/local/hadoop/share/hadoop/hdfs/hadoop-hdfs-nfs-2.7.4.jar:/usr/local/hadoop/share/hadoop/hdfs/hadoop-hdfs-2.7.4-tests.jar:/usr/local/hadoop/share/hadoop/yarn/lib/servlet-api-2.5.jar:/usr/local/hadoop/share/hadoop/yarn/lib/stax-api-1.0-2.jar:/usr/local/hadoop/share/hadoop/yarn/lib/xz-1.0.jar:/usr/local/hadoop/share/hadoop/yarn/lib/javax.inject-1.jar:/usr/local/hadoop/share/hadoop/yarn/lib/jersey-core-1.9.jar:/usr/local/hadoop/share/hadoop/yarn/lib/zookeeper-3.4.6-tests.jar:/usr/local/hadoop/share/hadoop/yarn/lib/jettison-1.1.jar:/usr/local/hadoop/share/hadoop/yarn/lib/aopalliance-1.0.jar:/usr/local/hadoop/share/hadoop/yarn/lib/zookeeper-3.4.6.jar:/usr/local/hadoop/share/hadoop/yarn/lib/protobuf-java-2.5.0.jar:/usr/local/hadoop/share/hadoop/yarn/lib/commons-logging-1.1.3.jar:/usr/local/hadoop/share/hadoop/yarn/lib/commons-collections-3.2.2.jar:/usr/local/hadoop/share/hadoop/yarn/lib/guava-11.0.2.jar:/usr/local/hadoop/share/hadoop/yarn/lib/activation-1.1.jar:/usr/local/hadoop/share/hadoop/yarn/lib/leveldbjni-all-1.8.jar:/usr/local/hadoop/share/hadoop/yarn/lib/jetty-util-6.1.26.jar:/usr/local/hadoop/share/hadoop/yarn/lib/netty-3.6.2.Final.jar:/usr/local/hadoop/share/hadoop/yarn/lib/commons-codec-1.4.jar:/usr/local/hadoop/share/hadoop/yarn/lib/guice-3.0.jar:/usr/local/hadoop/share/hadoop/yarn/lib/jersey-json-1.9.jar:/usr/local/hadoop/share/hadoop/yarn/lib/commons-compress-1.4.1.jar:/usr/local/hadoop/share/hadoop/yarn/lib/commons-io-2.4.jar:/usr/local/hadoop/share/hadoop/yarn/lib/commons-lang-2.6.jar:/usr/local/hadoop/share/hadoop/yarn/lib/jackson-xc-1.9.13.jar:/usr/local/hadoop/share/hadoop/yarn/lib/jersey-guice-1.9.jar:/usr/local/hadoop/share/hadoop/yarn/lib/jaxb-api-2.2.2.jar:/usr/local/hadoop/share/hadoop/yarn/lib/log4j-1.2.17.jar:/usr/local/hadoop/share/hadoop/yarn/lib/jackson-jaxrs-1.9.13.jar:/usr/local/hadoop/share/hadoop/yarn/lib/jsr305-3.0.0.jar:/usr/local/hadoop/share/hadoop/yarn/lib/jaxb-impl-2.2.3-1.jar:/usr/local/hadoop/share/hadoop/yarn/lib/jetty-6.1.26.jar:/usr/local/hadoop/share/hadoop/yarn/lib/jackson-core-asl-1.9.13.jar:/usr/local/hadoop/share/hadoop/yarn/lib/jersey-client-1.9.jar:/usr/local/hadoop/share/hadoop/yarn/lib/commons-cli-1.2.jar:/usr/local/hadoop/share/hadoop/yarn/lib/jackson-mapper-asl-1.9.13.jar:/usr/local/hadoop/share/hadoop/yarn/lib/jersey-server-1.9.jar:/usr/local/hadoop/share/hadoop/yarn/lib/asm-3.2.jar:/usr/local/hadoop/share/hadoop/yarn/lib/guice-servlet-3.0.jar:/usr/local/hadoop/share/hadoop/yarn/hadoop-yarn-common-2.7.4.jar:/usr/local/hadoop/share/hadoop/yarn/hadoop-yarn-server-common-2.7.4.jar:/usr/local/hadoop/share/hadoop/yarn/hadoop-yarn-applications-distributedshell-2.7.4.jar:/usr/local/hadoop/share/hadoop/yarn/hadoop-yarn-server-resourcemanager-2.7.4.jar:/usr/local/hadoop/share/hadoop/yarn/hadoop-yarn-server-tests-2.7.4.jar:/usr/local/hadoop/share/hadoop/yarn/hadoop-yarn-applications-unmanaged-am-launcher-2.7.4.jar:/usr/local/hadoop/share/hadoop/yarn/hadoop-yarn-registry-2.7.4.jar:/usr/local/hadoop/share/hadoop/yarn/hadoop-yarn-server-nodemanager-2.7.4.jar:/usr/local/hadoop/share/hadoop/yarn/hadoop-yarn-client-2.7.4.jar:/usr/local/hadoop/share/hadoop/yarn/hadoop-yarn-server-web-proxy-2.7.4.jar:/usr/local/hadoop/share/hadoop/yarn/hadoop-yarn-server-applicationhistoryservice-2.7.4.jar:/usr/local/hadoop/share/hadoop/yarn/hadoop-yarn-server-sharedcachemanager-2.7.4.jar:/usr/local/hadoop/share/hadoop/yarn/hadoop-yarn-api-2.7.4.jar:/usr/local/hadoop/share/hadoop/mapreduce/lib/xz-1.0.jar:/usr/local/hadoop/share/hadoop/mapreduce/lib/javax.inject-1.jar:/usr/local/hadoop/share/hadoop/mapreduce/lib/jersey-core-1.9.jar:/usr/local/hadoop/share/hadoop/mapreduce/lib/hadoop-annotations-2.7.4.jar:/usr/local/hadoop/share/hadoop/mapreduce/lib/aopalliance-1.0.jar:/usr/local/hadoop/share/hadoop/mapreduce/lib/hamcrest-core-1.3.jar:/usr/local/hadoop/share/hadoop/mapreduce/lib/protobuf-java-2.5.0.jar:/usr/local/hadoop/share/hadoop/mapreduce/lib/leveldbjni-all-1.8.jar:/usr/local/hadoop/share/hadoop/mapreduce/lib/snappy-java-1.0.4.1.jar:/usr/local/hadoop/share/hadoop/mapreduce/lib/netty-3.6.2.Final.jar:/usr/local/hadoop/share/hadoop/mapreduce/lib/guice-3.0.jar:/usr/local/hadoop/share/hadoop/mapreduce/lib/commons-compress-1.4.1.jar:/usr/local/hadoop/share/hadoop/mapreduce/lib/commons-io-2.4.jar:/usr/local/hadoop/share/hadoop/mapreduce/lib/jersey-guice-1.9.jar:/usr/local/hadoop/share/hadoop/mapreduce/lib/log4j-1.2.17.jar:/usr/local/hadoop/share/hadoop/mapreduce/lib/avro-1.7.4.jar:/usr/local/hadoop/share/hadoop/mapreduce/lib/jackson-core-asl-1.9.13.jar:/usr/local/hadoop/share/hadoop/mapreduce/lib/jackson-mapper-asl-1.9.13.jar:/usr/local/hadoop/share/hadoop/mapreduce/lib/jersey-server-1.9.jar:/usr/local/hadoop/share/hadoop/mapreduce/lib/paranamer-2.3.jar:/usr/local/hadoop/share/hadoop/mapreduce/lib/asm-3.2.jar:/usr/local/hadoop/share/hadoop/mapreduce/lib/guice-servlet-3.0.jar:/usr/local/hadoop/share/hadoop/mapreduce/lib/junit-4.11.jar:/usr/local/hadoop/share/hadoop/mapreduce/hadoop-mapreduce-client-jobclient-2.7.4.jar:/usr/local/hadoop/share/hadoop/mapreduce/hadoop-mapreduce-examples-2.7.4.jar:/usr/local/hadoop/share/hadoop/mapreduce/hadoop-mapreduce-client-app-2.7.4.jar:/usr/local/hadoop/share/hadoop/mapreduce/hadoop-mapreduce-client-hs-2.7.4.jar:/usr/local/hadoop/share/hadoop/mapreduce/hadoop-mapreduce-client-shuffle-2.7.4.jar:/usr/local/hadoop/share/hadoop/mapreduce/hadoop-mapreduce-client-common-2.7.4.jar:/usr/local/hadoop/share/hadoop/mapreduce/hadoop-mapreduce-client-hs-plugins-2.7.4.jar:/usr/local/hadoop/share/hadoop/mapreduce/hadoop-mapreduce-client-core-2.7.4.jar:/usr/local/hadoop/share/hadoop/mapreduce/hadoop-mapreduce-client-jobclient-2.7.4-tests.jar:/contrib/capacity-scheduler/*.jar:/contrib/capacity-scheduler/*.jar:/usr/local/hadoop/share/hadoop/yarn/hadoop-yarn-common-2.7.4.jar:/usr/local/hadoop/share/hadoop/yarn/hadoop-yarn-server-common-2.7.4.jar:/usr/local/hadoop/share/hadoop/yarn/hadoop-yarn-applications-distributedshell-2.7.4.jar:/usr/local/hadoop/share/hadoop/yarn/hadoop-yarn-server-resourcemanager-2.7.4.jar:/usr/local/hadoop/share/hadoop/yarn/hadoop-yarn-server-tests-2.7.4.jar:/usr/local/hadoop/share/hadoop/yarn/hadoop-yarn-applications-unmanaged-am-launcher-2.7.4.jar:/usr/local/hadoop/share/hadoop/yarn/hadoop-yarn-registry-2.7.4.jar:/usr/local/hadoop/share/hadoop/yarn/hadoop-yarn-server-nodemanager-2.7.4.jar:/usr/local/hadoop/share/hadoop/yarn/hadoop-yarn-client-2.7.4.jar:/usr/local/hadoop/share/hadoop/yarn/hadoop-yarn-server-web-proxy-2.7.4.jar:/usr/local/hadoop/share/hadoop/yarn/hadoop-yarn-server-applicationhistoryservice-2.7.4.jar:/usr/local/hadoop/share/hadoop/yarn/hadoop-yarn-server-sharedcachemanager-2.7.4.jar:/usr/local/hadoop/share/hadoop/yarn/hadoop-yarn-api-2.7.4.jar:/usr/local/hadoop/share/hadoop/yarn/lib/servlet-api-2.5.jar:/usr/local/hadoop/share/hadoop/yarn/lib/stax-api-1.0-2.jar:/usr/local/hadoop/share/hadoop/yarn/lib/xz-1.0.jar:/usr/local/hadoop/share/hadoop/yarn/lib/javax.inject-1.jar:/usr/local/hadoop/share/hadoop/yarn/lib/jersey-core-1.9.jar:/usr/local/hadoop/share/hadoop/yarn/lib/zookeeper-3.4.6-tests.jar:/usr/local/hadoop/share/hadoop/yarn/lib/jettison-1.1.jar:/usr/local/hadoop/share/hadoop/yarn/lib/aopalliance-1.0.jar:/usr/local/hadoop/share/hadoop/yarn/lib/zookeeper-3.4.6.jar:/usr/local/hadoop/share/hadoop/yarn/lib/protobuf-java-2.5.0.jar:/usr/local/hadoop/share/hadoop/yarn/lib/commons-logging-1.1.3.jar:/usr/local/hadoop/share/hadoop/yarn/lib/commons-collections-3.2.2.jar:/usr/local/hadoop/share/hadoop/yarn/lib/guava-11.0.2.jar:/usr/local/hadoop/share/hadoop/yarn/lib/activation-1.1.jar:/usr/local/hadoop/share/hadoop/yarn/lib/leveldbjni-all-1.8.jar:/usr/local/hadoop/share/hadoop/yarn/lib/jetty-util-6.1.26.jar:/usr/local/hadoop/share/hadoop/yarn/lib/netty-3.6.2.Final.jar:/usr/local/hadoop/share/hadoop/yarn/lib/commons-codec-1.4.jar:/usr/local/hadoop/share/hadoop/yarn/lib/guice-3.0.jar:/usr/local/hadoop/share/hadoop/yarn/lib/jersey-json-1.9.jar:/usr/local/hadoop/share/hadoop/yarn/lib/commons-compress-1.4.1.jar:/usr/local/hadoop/share/hadoop/yarn/lib/commons-io-2.4.jar:/usr/local/hadoop/share/hadoop/yarn/lib/commons-lang-2.6.jar:/usr/local/hadoop/share/hadoop/yarn/lib/jackson-xc-1.9.13.jar:/usr/local/hadoop/share/hadoop/yarn/lib/jersey-guice-1.9.jar:/usr/local/hadoop/share/hadoop/yarn/lib/jaxb-api-2.2.2.jar:/usr/local/hadoop/share/hadoop/yarn/lib/log4j-1.2.17.jar:/usr/local/hadoop/share/hadoop/yarn/lib/jackson-jaxrs-1.9.13.jar:/usr/local/hadoop/share/hadoop/yarn/lib/jsr305-3.0.0.jar:/usr/local/hadoop/share/hadoop/yarn/lib/jaxb-impl-2.2.3-1.jar:/usr/local/hadoop/share/hadoop/yarn/lib/jetty-6.1.26.jar:/usr/local/hadoop/share/hadoop/yarn/lib/jackson-core-asl-1.9.13.jar:/usr/local/hadoop/share/hadoop/yarn/lib/jersey-client-1.9.jar:/usr/local/hadoop/share/hadoop/yarn/lib/commons-cli-1.2.jar:/usr/local/hadoop/share/hadoop/yarn/lib/jackson-mapper-asl-1.9.13.jar:/usr/local/hadoop/share/hadoop/yarn/lib/jersey-server-1.9.jar:/usr/local/hadoop/share/hadoop/yarn/lib/asm-3.2.jar:/usr/local/hadoop/share/hadoop/yarn/lib/guice-servlet-3.0.jar:/usr/local/hadoop/etc/hadoop/nm-config/log4j.properties
STARTUP_MSG:   build = https://shv@git-wip-us.apache.org/repos/asf/hadoop.git -r cd915e1e8d9d0131462a0b7301586c175728a282; compiled by 'kshvachk' on 2017-08-01T00:29Z
STARTUP_MSG:   java = 1.8.0_131
************************************************************/
2017-10-15 23:54:42,222 INFO org.apache.hadoop.yarn.server.nodemanager.NodeManager: registered UNIX signal handlers for [TERM, HUP, INT]
2017-10-15 23:54:44,441 INFO org.apache.hadoop.yarn.event.AsyncDispatcher: Registering class org.apache.hadoop.yarn.server.nodemanager.containermanager.container.ContainerEventType for class org.apache.hadoop.yarn.server.nodemanager.containermanager.ContainerManagerImpl$ContainerEventDispatcher
2017-10-15 23:54:44,442 INFO org.apache.hadoop.yarn.event.AsyncDispatcher: Registering class org.apache.hadoop.yarn.server.nodemanager.containermanager.application.ApplicationEventType for class org.apache.hadoop.yarn.server.nodemanager.containermanager.ContainerManagerImpl$ApplicationEventDispatcher
2017-10-15 23:54:44,442 INFO org.apache.hadoop.yarn.event.AsyncDispatcher: Registering class org.apache.hadoop.yarn.server.nodemanager.containermanager.localizer.event.LocalizationEventType for class org.apache.hadoop.yarn.server.nodemanager.containermanager.localizer.ResourceLocalizationService
2017-10-15 23:54:44,443 INFO org.apache.hadoop.yarn.event.AsyncDispatcher: Registering class org.apache.hadoop.yarn.server.nodemanager.containermanager.AuxServicesEventType for class org.apache.hadoop.yarn.server.nodemanager.containermanager.AuxServices
2017-10-15 23:54:44,447 INFO org.apache.hadoop.yarn.event.AsyncDispatcher: Registering class org.apache.hadoop.yarn.server.nodemanager.containermanager.monitor.ContainersMonitorEventType for class org.apache.hadoop.yarn.server.nodemanager.containermanager.monitor.ContainersMonitorImpl
2017-10-15 23:54:44,449 INFO org.apache.hadoop.yarn.event.AsyncDispatcher: Registering class org.apache.hadoop.yarn.server.nodemanager.containermanager.launcher.ContainersLauncherEventType for class org.apache.hadoop.yarn.server.nodemanager.containermanager.launcher.ContainersLauncher
2017-10-15 23:54:44,483 INFO org.apache.hadoop.yarn.event.AsyncDispatcher: Registering class org.apache.hadoop.yarn.server.nodemanager.ContainerManagerEventType for class org.apache.hadoop.yarn.server.nodemanager.containermanager.ContainerManagerImpl
2017-10-15 23:54:44,485 INFO org.apache.hadoop.yarn.event.AsyncDispatcher: Registering class org.apache.hadoop.yarn.server.nodemanager.NodeManagerEventType for class org.apache.hadoop.yarn.server.nodemanager.NodeManager
2017-10-15 23:54:44,599 INFO org.apache.hadoop.metrics2.impl.MetricsConfig: loaded properties from hadoop-metrics2.properties
2017-10-15 23:54:44,879 INFO org.apache.hadoop.metrics2.impl.MetricsSystemImpl: Scheduled snapshot period at 10 second(s).
2017-10-15 23:54:44,880 INFO org.apache.hadoop.metrics2.impl.MetricsSystemImpl: NodeManager metrics system started
2017-10-15 23:54:45,081 INFO org.apache.hadoop.yarn.event.AsyncDispatcher: Registering class org.apache.hadoop.yarn.server.nodemanager.containermanager.loghandler.event.LogHandlerEventType for class org.apache.hadoop.yarn.server.nodemanager.containermanager.loghandler.NonAggregatingLogHandler
2017-10-15 23:54:45,082 INFO org.apache.hadoop.yarn.event.AsyncDispatcher: Registering class org.apache.hadoop.yarn.server.nodemanager.containermanager.localizer.sharedcache.SharedCacheUploadEventType for class org.apache.hadoop.yarn.server.nodemanager.containermanager.localizer.sharedcache.SharedCacheUploadService
2017-10-15 23:54:45,083 INFO org.apache.hadoop.yarn.server.nodemanager.containermanager.localizer.ResourceLocalizationService: per directory file limit = 8192
2017-10-15 23:54:45,201 INFO org.apache.hadoop.yarn.event.AsyncDispatcher: Registering class org.apache.hadoop.yarn.server.nodemanager.containermanager.localizer.event.LocalizerEventType for class org.apache.hadoop.yarn.server.nodemanager.containermanager.localizer.ResourceLocalizationService$LocalizerTracker
2017-10-15 23:54:45,332 WARN org.apache.hadoop.yarn.server.nodemanager.containermanager.AuxServices: The Auxilurary Service named 'mapreduce_shuffle' in the configuration is for class org.apache.hadoop.mapred.ShuffleHandler which has a name of 'httpshuffle'. Because these are not the same tools trying to send ServiceData and read Service Meta Data may have issues unless the refer to the name in the config.
2017-10-15 23:54:45,332 INFO org.apache.hadoop.yarn.server.nodemanager.containermanager.AuxServices: Adding auxiliary service httpshuffle, "mapreduce_shuffle"
2017-10-15 23:54:45,539 INFO org.apache.hadoop.yarn.server.nodemanager.containermanager.monitor.ContainersMonitorImpl:  Using ResourceCalculatorPlugin : org.apache.hadoop.yarn.util.LinuxResourceCalculatorPlugin@54422e18
2017-10-15 23:54:45,539 INFO org.apache.hadoop.yarn.server.nodemanager.containermanager.monitor.ContainersMonitorImpl:  Using ResourceCalculatorProcessTree : null
2017-10-15 23:54:45,540 INFO org.apache.hadoop.yarn.server.nodemanager.containermanager.monitor.ContainersMonitorImpl: Physical memory check enabled: true
2017-10-15 23:54:45,540 INFO org.apache.hadoop.yarn.server.nodemanager.containermanager.monitor.ContainersMonitorImpl: Virtual memory check enabled: true
2017-10-15 23:54:45,556 WARN org.apache.hadoop.yarn.server.nodemanager.containermanager.monitor.ContainersMonitorImpl: NodeManager configured with 8 G physical memory allocated to containers, which is more than 80% of the total physical memory available (990.9 M). Thrashing might happen.
2017-10-15 23:54:45,580 INFO org.apache.hadoop.yarn.server.nodemanager.NodeStatusUpdaterImpl: Initialized nodemanager for null: physical-memory=8192 virtual-memory=17204 virtual-cores=8
2017-10-15 23:54:45,779 INFO org.apache.hadoop.ipc.CallQueueManager: Using callQueue: class java.util.concurrent.LinkedBlockingQueue queueCapacity: 2000
2017-10-15 23:54:45,902 INFO org.apache.hadoop.ipc.Server: Starting Socket Reader #1 for port 34621
2017-10-15 23:54:46,658 INFO org.apache.hadoop.yarn.factories.impl.pb.RpcServerFactoryPBImpl: Adding protocol org.apache.hadoop.yarn.api.ContainerManagementProtocolPB to the server
2017-10-15 23:54:46,658 INFO org.apache.hadoop.yarn.server.nodemanager.containermanager.ContainerManagerImpl: Blocking new container-requests as container manager rpc server is still starting.
2017-10-15 23:54:46,661 INFO org.apache.hadoop.ipc.Server: IPC Server Responder: starting
2017-10-15 23:54:46,670 INFO org.apache.hadoop.ipc.Server: IPC Server listener on 34621: starting
2017-10-15 23:54:46,739 INFO org.apache.hadoop.yarn.server.nodemanager.security.NMContainerTokenSecretManager: Updating node address : ip-172-31-30-102.us-west-2.compute.internal:34621
2017-10-15 23:54:46,775 INFO org.apache.hadoop.ipc.CallQueueManager: Using callQueue: class java.util.concurrent.LinkedBlockingQueue queueCapacity: 500
2017-10-15 23:54:46,783 INFO org.apache.hadoop.ipc.Server: Starting Socket Reader #1 for port 8040
2017-10-15 23:54:46,797 INFO org.apache.hadoop.yarn.factories.impl.pb.RpcServerFactoryPBImpl: Adding protocol org.apache.hadoop.yarn.server.nodemanager.api.LocalizationProtocolPB to the server
2017-10-15 23:54:46,803 INFO org.apache.hadoop.ipc.Server: IPC Server Responder: starting
2017-10-15 23:54:46,807 INFO org.apache.hadoop.ipc.Server: IPC Server listener on 8040: starting
2017-10-15 23:54:46,821 INFO org.apache.hadoop.yarn.server.nodemanager.containermanager.localizer.ResourceLocalizationService: Localizer started on port 8040
2017-10-15 23:54:46,860 INFO org.apache.hadoop.mapred.IndexCache: IndexCache created with max memory = 10485760
2017-10-15 23:54:46,904 INFO org.apache.hadoop.mapred.ShuffleHandler: httpshuffle listening on port 13562
2017-10-15 23:54:46,924 INFO org.apache.hadoop.yarn.server.nodemanager.containermanager.ContainerManagerImpl: ContainerManager started at ip-172-31-30-102/172.31.30.102:34621
2017-10-15 23:54:46,924 INFO org.apache.hadoop.yarn.server.nodemanager.containermanager.ContainerManagerImpl: ContainerManager bound to 0.0.0.0/0.0.0.0:0
2017-10-15 23:54:46,925 INFO org.apache.hadoop.yarn.server.nodemanager.webapp.WebServer: Instantiating NMWebApp at 0.0.0.0:8042
2017-10-15 23:54:47,235 INFO org.mortbay.log: Logging to org.slf4j.impl.Log4jLoggerAdapter(org.mortbay.log) via org.mortbay.log.Slf4jLog
2017-10-15 23:54:47,301 INFO org.apache.hadoop.security.authentication.server.AuthenticationFilter: Unable to initialize FileSignerSecretProvider, falling back to use random secrets.
2017-10-15 23:54:47,318 INFO org.apache.hadoop.http.HttpRequestLog: Http request log for http.requests.nodemanager is not defined
2017-10-15 23:54:47,339 INFO org.apache.hadoop.http.HttpServer2: Added global filter 'safety' (class=org.apache.hadoop.http.HttpServer2$QuotingInputFilter)
2017-10-15 23:54:47,341 INFO org.apache.hadoop.http.HttpServer2: Added filter static_user_filter (class=org.apache.hadoop.http.lib.StaticUserWebFilter$StaticUserFilter) to context node
2017-10-15 23:54:47,342 INFO org.apache.hadoop.http.HttpServer2: Added filter static_user_filter (class=org.apache.hadoop.http.lib.StaticUserWebFilter$StaticUserFilter) to context static
2017-10-15 23:54:47,342 INFO org.apache.hadoop.http.HttpServer2: Added filter static_user_filter (class=org.apache.hadoop.http.lib.StaticUserWebFilter$StaticUserFilter) to context logs
2017-10-15 23:54:47,350 INFO org.apache.hadoop.http.HttpServer2: adding path spec: /node/*
2017-10-15 23:54:47,350 INFO org.apache.hadoop.http.HttpServer2: adding path spec: /ws/*
2017-10-15 23:54:49,301 INFO org.apache.hadoop.yarn.webapp.WebApps: Registered webapp guice modules
2017-10-15 23:54:49,321 INFO org.apache.hadoop.http.HttpServer2: Jetty bound to port 8042
2017-10-15 23:54:49,321 INFO org.mortbay.log: jetty-6.1.26
2017-10-15 23:54:49,484 INFO org.mortbay.log: Extract jar:file:/usr/local/hadoop/share/hadoop/yarn/hadoop-yarn-common-2.7.4.jar!/webapps/node to /tmp/Jetty_0_0_0_0_8042_node____19tj0x/webapp
2017-10-15 23:54:53,960 INFO org.mortbay.log: Started HttpServer2$SelectChannelConnectorWithSafeStartup@0.0.0.0:8042
2017-10-15 23:54:53,961 INFO org.apache.hadoop.yarn.webapp.WebApps: Web app node started at 8042
2017-10-15 23:54:53,987 INFO org.apache.hadoop.yarn.client.RMProxy: Connecting to ResourceManager at ec2-52-40-46-82.us-west-2.compute.amazonaws.com/172.31.30.102:8031
2017-10-15 23:54:54,076 INFO org.apache.hadoop.yarn.server.nodemanager.NodeStatusUpdaterImpl: Sending out 0 NM container statuses: []
2017-10-15 23:54:54,085 INFO org.apache.hadoop.yarn.server.nodemanager.NodeStatusUpdaterImpl: Registering with RM using containers :[]
2017-10-15 23:54:54,322 INFO org.apache.hadoop.yarn.server.nodemanager.security.NMContainerTokenSecretManager: Rolling master-key for container-tokens, got key with id 1305979282
2017-10-15 23:54:54,336 INFO org.apache.hadoop.yarn.server.nodemanager.security.NMTokenSecretManagerInNM: Rolling master-key for container-tokens, got key with id -1798964886
2017-10-15 23:54:54,337 INFO org.apache.hadoop.yarn.server.nodemanager.NodeStatusUpdaterImpl: Registered with ResourceManager as ip-172-31-30-102.us-west-2.compute.internal:34621 with total resource of <memory:8192, vCores:8>
2017-10-15 23:54:54,337 INFO org.apache.hadoop.yarn.server.nodemanager.NodeStatusUpdaterImpl: Notifying ContainerManager to unblock new container-requests
2017-10-16 23:54:42,778 INFO org.apache.hadoop.yarn.server.nodemanager.security.NMContainerTokenSecretManager: Rolling master-key for container-tokens, got key with id 1305979283
2017-10-16 23:54:42,779 INFO org.apache.hadoop.yarn.server.nodemanager.security.NMTokenSecretManagerInNM: Rolling master-key for container-tokens, got key with id -1798964885
2017-10-17 23:54:42,680 INFO org.apache.hadoop.yarn.server.nodemanager.security.NMContainerTokenSecretManager: Rolling master-key for container-tokens, got key with id 1305979284
2017-10-17 23:54:42,681 INFO org.apache.hadoop.yarn.server.nodemanager.security.NMTokenSecretManagerInNM: Rolling master-key for container-tokens, got key with id -1798964884
2017-10-18 23:54:42,326 INFO org.apache.hadoop.yarn.server.nodemanager.security.NMContainerTokenSecretManager: Rolling master-key for container-tokens, got key with id 1305979285
2017-10-18 23:54:42,326 INFO org.apache.hadoop.yarn.server.nodemanager.security.NMTokenSecretManagerInNM: Rolling master-key for container-tokens, got key with id -1798964883
2017-10-19 23:54:43,093 INFO org.apache.hadoop.yarn.server.nodemanager.security.NMContainerTokenSecretManager: Rolling master-key for container-tokens, got key with id 1305979286
2017-10-19 23:54:43,094 INFO org.apache.hadoop.yarn.server.nodemanager.security.NMTokenSecretManagerInNM: Rolling master-key for container-tokens, got key with id -1798964882
2017-10-20 23:54:42,682 INFO org.apache.hadoop.yarn.server.nodemanager.security.NMContainerTokenSecretManager: Rolling master-key for container-tokens, got key with id 1305979287
2017-10-20 23:54:42,683 INFO org.apache.hadoop.yarn.server.nodemanager.security.NMTokenSecretManagerInNM: Rolling master-key for container-tokens, got key with id -1798964881
2017-10-21 23:54:42,960 INFO org.apache.hadoop.yarn.server.nodemanager.security.NMContainerTokenSecretManager: Rolling master-key for container-tokens, got key with id 1305979288
2017-10-21 23:54:42,961 INFO org.apache.hadoop.yarn.server.nodemanager.security.NMTokenSecretManagerInNM: Rolling master-key for container-tokens, got key with id -1798964880
2017-10-22 23:54:42,821 INFO org.apache.hadoop.yarn.server.nodemanager.security.NMContainerTokenSecretManager: Rolling master-key for container-tokens, got key with id 1305979289
2017-10-22 23:54:42,822 INFO org.apache.hadoop.yarn.server.nodemanager.security.NMTokenSecretManagerInNM: Rolling master-key for container-tokens, got key with id -1798964879
2017-10-23 23:54:43,021 INFO org.apache.hadoop.yarn.server.nodemanager.security.NMContainerTokenSecretManager: Rolling master-key for container-tokens, got key with id 1305979290
2017-10-23 23:54:43,023 INFO org.apache.hadoop.yarn.server.nodemanager.security.NMTokenSecretManagerInNM: Rolling master-key for container-tokens, got key with id -1798964878
2017-10-24 23:54:43,110 INFO org.apache.hadoop.yarn.server.nodemanager.security.NMContainerTokenSecretManager: Rolling master-key for container-tokens, got key with id 1305979291
2017-10-24 23:54:43,111 INFO org.apache.hadoop.yarn.server.nodemanager.security.NMTokenSecretManagerInNM: Rolling master-key for container-tokens, got key with id -1798964877
2017-10-25 23:54:42,483 INFO org.apache.hadoop.yarn.server.nodemanager.security.NMContainerTokenSecretManager: Rolling master-key for container-tokens, got key with id 1305979292
2017-10-25 23:54:42,484 INFO org.apache.hadoop.yarn.server.nodemanager.security.NMTokenSecretManagerInNM: Rolling master-key for container-tokens, got key with id -1798964876
2017-10-26 23:54:43,100 INFO org.apache.hadoop.yarn.server.nodemanager.security.NMContainerTokenSecretManager: Rolling master-key for container-tokens, got key with id 1305979293
2017-10-26 23:54:43,102 INFO org.apache.hadoop.yarn.server.nodemanager.security.NMTokenSecretManagerInNM: Rolling master-key for container-tokens, got key with id -1798964875
2017-10-27 21:16:33,769 ERROR org.apache.hadoop.yarn.server.nodemanager.NodeManager: RECEIVED SIGNAL 15: SIGTERM
2017-10-27 21:16:33,788 INFO org.mortbay.log: Stopped HttpServer2$SelectChannelConnectorWithSafeStartup@0.0.0.0:8042
2017-10-27 21:16:33,789 INFO org.apache.hadoop.ipc.Server: Stopping server on 34621
2017-10-27 21:16:33,791 INFO org.apache.hadoop.ipc.Server: Stopping IPC Server listener on 34621
2017-10-27 21:16:33,794 INFO org.apache.hadoop.ipc.Server: Stopping IPC Server Responder
2017-10-27 21:16:33,795 WARN org.apache.hadoop.yarn.server.nodemanager.containermanager.monitor.ContainersMonitorImpl: org.apache.hadoop.yarn.server.nodemanager.containermanager.monitor.ContainersMonitorImpl is interrupted. Exiting.
2017-10-27 21:16:33,808 INFO org.apache.hadoop.ipc.Server: Stopping server on 8040
2017-10-27 21:16:33,809 INFO org.apache.hadoop.ipc.Server: Stopping IPC Server listener on 8040
2017-10-27 21:16:33,809 INFO org.apache.hadoop.ipc.Server: Stopping IPC Server Responder
2017-10-27 21:16:33,811 INFO org.apache.hadoop.yarn.server.nodemanager.containermanager.localizer.ResourceLocalizationService: Public cache exiting
2017-10-27 21:16:33,811 INFO org.apache.hadoop.metrics2.impl.MetricsSystemImpl: Stopping NodeManager metrics system...
2017-10-27 21:16:33,812 INFO org.apache.hadoop.metrics2.impl.MetricsSystemImpl: NodeManager metrics system stopped.
2017-10-27 21:16:33,812 INFO org.apache.hadoop.metrics2.impl.MetricsSystemImpl: NodeManager metrics system shutdown complete.
2017-10-27 21:16:33,812 INFO org.apache.hadoop.yarn.server.nodemanager.NodeManager: SHUTDOWN_MSG: 
/************************************************************
SHUTDOWN_MSG: Shutting down NodeManager at ip-172-31-30-102/172.31.30.102
************************************************************/
